<?xml version="1.0" encoding="UTF-8"?>
<testng-results ignored="0" total="1" passed="1" failed="0" skipped="0">
  <reporter-output>
  </reporter-output>
  <suite started-at="2020-11-16T10:32:58 EET" name="Default suite" finished-at="2020-11-16T10:33:17 EET" duration-ms="18647">
    <groups>
    </groups>
    <test started-at="2020-11-16T10:32:58 EET" name="Default test" finished-at="2020-11-16T10:33:17 EET" duration-ms="18647">
      <class name="testAppium.Calc">
        <test-method is-config="true" signature="reportSetup()[pri:0, instance:testAppium.Calc@1622f1b]" started-at="2020-11-16T10:32:58 EET" name="reportSetup" finished-at="2020-11-16T10:32:58 EET" duration-ms="370" status="PASS">
          <reporter-output>
          </reporter-output>
        </test-method> <!-- reportSetup -->
        <test-method is-config="true" signature="setUp()[pri:0, instance:testAppium.Calc@1622f1b]" started-at="2020-11-16T10:32:58 EET" name="setUp" finished-at="2020-11-16T10:33:12 EET" duration-ms="13287" status="PASS">
          <reporter-output>
          </reporter-output>
        </test-method> <!-- setUp -->
        <test-method signature="testCal()[pri:0, instance:testAppium.Calc@1622f1b]" started-at="2020-11-16T10:33:12 EET" name="testCal" finished-at="2020-11-16T10:33:16 EET" duration-ms="4671" status="PASS">
          <reporter-output>
          </reporter-output>
        </test-method> <!-- testCal -->
        <test-method is-config="true" signature="teardown()[pri:0, instance:testAppium.Calc@1622f1b]" started-at="2020-11-16T10:33:16 EET" name="teardown" finished-at="2020-11-16T10:33:17 EET" duration-ms="637" status="PASS">
          <reporter-output>
          </reporter-output>
        </test-method> <!-- teardown -->
        <test-method is-config="true" signature="reportTearDown()[pri:0, instance:testAppium.Calc@1622f1b]" started-at="2020-11-16T10:33:17 EET" name="reportTearDown" finished-at="2020-11-16T10:33:18 EET" duration-ms="686" status="PASS">
          <reporter-output>
          </reporter-output>
        </test-method> <!-- reportTearDown -->
      </class> <!-- testAppium.Calc -->
    </test> <!-- Default test -->
  </suite> <!-- Default suite -->
</testng-results>
