<?xml version="1.0" encoding="UTF-8"?>
<testng-results ignored="0" total="1" passed="1" failed="0" skipped="0">
  <reporter-output>
  </reporter-output>
  <suite started-at="2020-10-15T14:55:07 EET" name="Default suite" finished-at="2020-10-15T14:55:25 EET" duration-ms="17753">
    <groups>
    </groups>
    <test started-at="2020-10-15T14:55:07 EET" name="Default test" finished-at="2020-10-15T14:55:25 EET" duration-ms="17753">
      <class name="testAppium.Calc">
        <test-method is-config="true" signature="reportSetup()[pri:0, instance:testAppium.Calc@2e4b8173]" started-at="2020-10-15T14:55:07 EET" name="reportSetup" finished-at="2020-10-15T14:55:07 EET" duration-ms="241" status="PASS">
          <reporter-output>
          </reporter-output>
        </test-method> <!-- reportSetup -->
        <test-method is-config="true" signature="setUp()[pri:0, instance:testAppium.Calc@2e4b8173]" started-at="2020-10-15T14:55:07 EET" name="setUp" finished-at="2020-10-15T14:55:19 EET" duration-ms="12011" status="PASS">
          <reporter-output>
          </reporter-output>
        </test-method> <!-- setUp -->
        <test-method signature="testCal()[pri:0, instance:testAppium.Calc@2e4b8173]" started-at="2020-10-15T14:55:19 EET" name="testCal" finished-at="2020-10-15T14:55:24 EET" duration-ms="5166" status="PASS">
          <reporter-output>
          </reporter-output>
        </test-method> <!-- testCal -->
        <test-method is-config="true" signature="teardown()[pri:0, instance:testAppium.Calc@2e4b8173]" started-at="2020-10-15T14:55:24 EET" name="teardown" finished-at="2020-10-15T14:55:25 EET" duration-ms="530" status="PASS">
          <reporter-output>
          </reporter-output>
        </test-method> <!-- teardown -->
        <test-method is-config="true" signature="reportTearDown()[pri:0, instance:testAppium.Calc@2e4b8173]" started-at="2020-10-15T14:55:25 EET" name="reportTearDown" finished-at="2020-10-15T14:55:25 EET" duration-ms="468" status="PASS">
          <reporter-output>
          </reporter-output>
        </test-method> <!-- reportTearDown -->
      </class> <!-- testAppium.Calc -->
    </test> <!-- Default test -->
  </suite> <!-- Default suite -->
</testng-results>
